0 info it worked if it ends with ok
1 verbose cli [ 'D:\\coding\\nodejs2\\node.exe',
1 verbose cli   'D:\\coding\\nodejs2\\node_global\\node_modules\\npm\\bin\\npm-cli.js',
1 verbose cli   'install',
1 verbose cli   'lxml-3.7.3-cp35-cp35m-win_amd64.whl' ]
2 info using npm@4.0.5
3 info using node@v6.9.1
4 silly loadCurrentTree Starting
5 silly install loadCurrentTree
6 silly install readLocalPackageData
7 silly fetchPackageMetaData lxml-3.7.3-cp35-cp35m-win_amd64.whl
8 silly fetchOtherPackageData lxml-3.7.3-cp35-cp35m-win_amd64.whl
9 silly cache add args [ 'lxml-3.7.3-cp35-cp35m-win_amd64.whl', null ]
10 verbose cache add spec lxml-3.7.3-cp35-cp35m-win_amd64.whl
11 silly cache add parsed spec Result {
11 silly cache add   raw: 'lxml-3.7.3-cp35-cp35m-win_amd64.whl',
11 silly cache add   scope: null,
11 silly cache add   escapedName: 'lxml-3.7.3-cp35-cp35m-win_amd64.whl',
11 silly cache add   name: null,
11 silly cache add   rawSpec: 'lxml-3.7.3-cp35-cp35m-win_amd64.whl',
11 silly cache add   spec: 'D:\\coding\\wamp\\wamp\\www\\demo\\python\\lxml-3.7.3-cp35-cp35m-win_amd64.whl',
11 silly cache add   type: 'local' }
12 silly addLocalTarball shasum (computed) f93f31daff691df85b1c13d2797570c0fed11d93
13 verbose addTmpTarball D:\coding\wamp\wamp\www\demo\python\lxml-3.7.3-cp35-cp35m-win_amd64.whl not in flight; adding
14 verbose correctMkdir D:\coding\nodejs2\node_cache correctMkdir not in flight; initializing
15 verbose addTmpTarball validating metadata from D:\coding\wamp\wamp\www\demo\python\lxml-3.7.3-cp35-cp35m-win_amd64.whl
16 verbose tar unpack D:\coding\wamp\wamp\www\demo\python\lxml-3.7.3-cp35-cp35m-win_amd64.whl
17 verbose tar unpacking to C:\Users\ADMINI~1\AppData\Local\Temp\npm-4668-97673dac\unpack-35e1e8e6
18 silly gentlyRm C:\Users\ADMINI~1\AppData\Local\Temp\npm-4668-97673dac\unpack-35e1e8e6 is being purged
19 verbose gentlyRm don't care about contents; nuking C:\Users\ADMINI~1\AppData\Local\Temp\npm-4668-97673dac\unpack-35e1e8e6
20 silly gunzTarPerm modes [ '777', '666' ]
21 error not a package D:\coding\wamp\wamp\www\demo\python\lxml-3.7.3-cp35-cp35m-win_amd64.whl
22 error addLocal Could not install D:\coding\wamp\wamp\www\demo\python\lxml-3.7.3-cp35-cp35m-win_amd64.whl
23 silly fetchPackageMetaData Error: ENOENT: no such file or directory, open 'C:\Users\ADMINI~1\AppData\Local\Temp\npm-4668-97673dac\unpack-35e1e8e6\package.json'
23 silly fetchPackageMetaData     at Error (native)
23 silly fetchPackageMetaData  error for lxml-3.7.3-cp35-cp35m-win_amd64.whl { Error: ENOENT: no such file or directory, open 'C:\Users\ADMINI~1\AppData\Local\Temp\npm-4668-97673dac\unpack-35e1e8e6\package.json'
23 silly fetchPackageMetaData     at Error (native)
23 silly fetchPackageMetaData   errno: -4058,
23 silly fetchPackageMetaData   code: 'ENOENT',
23 silly fetchPackageMetaData   syscall: 'open',
23 silly fetchPackageMetaData   path: 'C:\\Users\\ADMINI~1\\AppData\\Local\\Temp\\npm-4668-97673dac\\unpack-35e1e8e6\\package.json' }
24 silly rollbackFailedOptional Starting
25 silly rollbackFailedOptional Finishing
26 silly runTopLevelLifecycles Finishing
27 silly install printInstalled
28 verbose stack Error: ENOENT: no such file or directory, open 'C:\Users\ADMINI~1\AppData\Local\Temp\npm-4668-97673dac\unpack-35e1e8e6\package.json'
28 verbose stack     at Error (native)
29 verbose cwd D:\coding\wamp\wamp\www\demo\python
30 error Windows_NT 6.1.7601
31 error argv "D:\\coding\\nodejs2\\node.exe" "D:\\coding\\nodejs2\\node_global\\node_modules\\npm\\bin\\npm-cli.js" "install" "lxml-3.7.3-cp35-cp35m-win_amd64.whl"
32 error node v6.9.1
33 error npm  v4.0.5
34 error path C:\Users\ADMINI~1\AppData\Local\Temp\npm-4668-97673dac\unpack-35e1e8e6\package.json
35 error code ENOENT
36 error errno -4058
37 error syscall open
38 error enoent ENOENT: no such file or directory, open 'C:\Users\ADMINI~1\AppData\Local\Temp\npm-4668-97673dac\unpack-35e1e8e6\package.json'
39 error enoent ENOENT: no such file or directory, open 'C:\Users\ADMINI~1\AppData\Local\Temp\npm-4668-97673dac\unpack-35e1e8e6\package.json'
39 error enoent This is most likely not a problem with npm itself
39 error enoent and is related to npm not being able to find a file.
40 verbose exit [ -4058, true ]
